{"C:\\Users\\madhan.adithya\\OneDrive - ascendion\\Desktop\\jesttesting\\add.js": {"path":"C:\\Users\\madhan.adithya\\OneDrive - ascendion\\Desktop\\jesttesting\\add.js","statementMap":{"0":{"start":{"line":1,"column":12},"end":{"line":1,"column":27}},"1":{"start":{"line":1,"column":22},"end":{"line":1,"column":27}},"2":{"start":{"line":2,"column":0},"end":{"line":2,"column":25}}},"fnMap":{"0":{"name":"(anonymous_0)","decl":{"start":{"line":1,"column":12},"end":{"line":1,"column":13}},"loc":{"start":{"line":1,"column":22},"end":{"line":1,"column":27}},"line":1}},"branchMap":{},"s":{"0":1,"1":2,"2":1},"f":{"0":2},"b":{},"_coverageSchema":"1a1c01bbd47fc00a2c39e90264f33305004495a9","hash":"8e2c830262304d413b70280636242521de60ad74"}
,"C:\\Users\\madhan.adithya\\OneDrive - ascendion\\Desktop\\jesttesting\\examplecase.js": {"path":"C:\\Users\\madhan.adithya\\OneDrive - ascendion\\Desktop\\jesttesting\\examplecase.js","statementMap":{"0":{"start":{"line":2,"column":21},"end":{"line":4,"column":7}},"1":{"start":{"line":3,"column":4},"end":{"line":3,"column":33}},"2":{"start":{"line":5,"column":2},"end":{"line":5,"column":20}},"3":{"start":{"line":9,"column":19},"end":{"line":21,"column":3}},"4":{"start":{"line":11,"column":6},"end":{"line":18,"column":7}},"5":{"start":{"line":12,"column":8},"end":{"line":15,"column":10}},"6":{"start":{"line":17,"column":8},"end":{"line":17,"column":19}},"7":{"start":{"line":22,"column":18},"end":{"line":22,"column":44}},"8":{"start":{"line":23,"column":2},"end":{"line":23,"column":17}},"9":{"start":{"line":26,"column":20},"end":{"line":30,"column":1}},"10":{"start":{"line":27,"column":17},"end":{"line":27,"column":18}},"11":{"start":{"line":28,"column":2},"end":{"line":28,"column":17}},"12":{"start":{"line":29,"column":2},"end":{"line":29,"column":18}},"13":{"start":{"line":32,"column":0},"end":{"line":32,"column":68}}},"fnMap":{"0":{"name":"getTotalLikes","decl":{"start":{"line":1,"column":9},"end":{"line":1,"column":22}},"loc":{"start":{"line":1,"column":29},"end":{"line":6,"column":1}},"line":1},"1":{"name":"(anonymous_1)","decl":{"start":{"line":2,"column":39},"end":{"line":2,"column":40}},"loc":{"start":{"line":2,"column":56},"end":{"line":4,"column":3}},"line":2},"2":{"name":"getMostPopularBlog","decl":{"start":{"line":8,"column":9},"end":{"line":8,"column":27}},"loc":{"start":{"line":8,"column":34},"end":{"line":24,"column":1}},"line":8},"3":{"name":"(anonymous_3)","decl":{"start":{"line":10,"column":4},"end":{"line":10,"column":5}},"loc":{"start":{"line":10,"column":26},"end":{"line":19,"column":5}},"line":10},"4":{"name":"(anonymous_4)","decl":{"start":{"line":26,"column":20},"end":{"line":26,"column":21}},"loc":{"start":{"line":26,"column":30},"end":{"line":30,"column":1}},"line":26}},"branchMap":{"0":{"loc":{"start":{"line":11,"column":6},"end":{"line":18,"column":7}},"type":"if","locations":[{"start":{"line":11,"column":6},"end":{"line":18,"column":7}},{"start":{"line":16,"column":13},"end":{"line":18,"column":7}}],"line":11}},"s":{"0":1,"1":2,"2":1,"3":1,"4":2,"5":1,"6":1,"7":1,"8":1,"9":1,"10":1,"11":1,"12":1,"13":1},"f":{"0":1,"1":2,"2":1,"3":2,"4":1},"b":{"0":[1,1]},"_coverageSchema":"1a1c01bbd47fc00a2c39e90264f33305004495a9","hash":"fdd290e82a9960b8e5cbd6e07b516882317c77a1"}
,"C:\\Users\\madhan.adithya\\OneDrive - ascendion\\Desktop\\jesttesting\\fetch.js": {"path":"C:\\Users\\madhan.adithya\\OneDrive - ascendion\\Desktop\\jesttesting\\fetch.js","statementMap":{"0":{"start":{"line":1,"column":19},"end":{"line":5,"column":1}},"1":{"start":{"line":2,"column":19},"end":{"line":2,"column":75}},"2":{"start":{"line":3,"column":15},"end":{"line":3,"column":36}},"3":{"start":{"line":4,"column":2},"end":{"line":4,"column":14}},"4":{"start":{"line":7,"column":0},"end":{"line":9,"column":2}}},"fnMap":{"0":{"name":"(anonymous_0)","decl":{"start":{"line":1,"column":19},"end":{"line":1,"column":20}},"loc":{"start":{"line":1,"column":31},"end":{"line":5,"column":1}},"line":1}},"branchMap":{},"s":{"0":1,"1":1,"2":1,"3":1,"4":1},"f":{"0":1},"b":{},"_coverageSchema":"1a1c01bbd47fc00a2c39e90264f33305004495a9","hash":"9692c9538001cb8142d396582e15aca98d1749eb"}
,"C:\\Users\\madhan.adithya\\OneDrive - ascendion\\Desktop\\jesttesting\\isPrime.js": {"path":"C:\\Users\\madhan.adithya\\OneDrive - ascendion\\Desktop\\jesttesting\\isPrime.js","statementMap":{"0":{"start":{"line":1,"column":16},"end":{"line":11,"column":1}},"1":{"start":{"line":2,"column":2},"end":{"line":2,"column":29}},"2":{"start":{"line":2,"column":16},"end":{"line":2,"column":29}},"3":{"start":{"line":3,"column":2},"end":{"line":3,"column":42}},"4":{"start":{"line":3,"column":30},"end":{"line":3,"column":42}},"5":{"start":{"line":4,"column":2},"end":{"line":4,"column":34}},"6":{"start":{"line":4,"column":21},"end":{"line":4,"column":34}},"7":{"start":{"line":6,"column":2},"end":{"line":8,"column":3}},"8":{"start":{"line":6,"column":15},"end":{"line":6,"column":16}},"9":{"start":{"line":7,"column":4},"end":{"line":7,"column":36}},"10":{"start":{"line":7,"column":23},"end":{"line":7,"column":36}},"11":{"start":{"line":10,"column":2},"end":{"line":10,"column":14}},"12":{"start":{"line":13,"column":0},"end":{"line":13,"column":29}}},"fnMap":{"0":{"name":"(anonymous_0)","decl":{"start":{"line":1,"column":16},"end":{"line":1,"column":17}},"loc":{"start":{"line":1,"column":25},"end":{"line":11,"column":1}},"line":1}},"branchMap":{"0":{"loc":{"start":{"line":2,"column":2},"end":{"line":2,"column":29}},"type":"if","locations":[{"start":{"line":2,"column":2},"end":{"line":2,"column":29}},{"start":{},"end":{}}],"line":2},"1":{"loc":{"start":{"line":3,"column":2},"end":{"line":3,"column":42}},"type":"if","locations":[{"start":{"line":3,"column":2},"end":{"line":3,"column":42}},{"start":{},"end":{}}],"line":3},"2":{"loc":{"start":{"line":3,"column":6},"end":{"line":3,"column":28}},"type":"binary-expr","locations":[{"start":{"line":3,"column":6},"end":{"line":3,"column":15}},{"start":{"line":3,"column":19},"end":{"line":3,"column":28}}],"line":3},"3":{"loc":{"start":{"line":4,"column":2},"end":{"line":4,"column":34}},"type":"if","locations":[{"start":{"line":4,"column":2},"end":{"line":4,"column":34}},{"start":{},"end":{}}],"line":4},"4":{"loc":{"start":{"line":7,"column":4},"end":{"line":7,"column":36}},"type":"if","locations":[{"start":{"line":7,"column":4},"end":{"line":7,"column":36}},{"start":{},"end":{}}],"line":7}},"s":{"0":1,"1":17,"2":4,"3":13,"4":1,"5":12,"6":4,"7":8,"8":8,"9":16,"10":2,"11":6,"12":1},"f":{"0":17},"b":{"0":[4,13],"1":[1,12],"2":[13,12],"3":[4,8],"4":[2,14]},"_coverageSchema":"1a1c01bbd47fc00a2c39e90264f33305004495a9","hash":"5e9a7e20140cd851b08e753be50d4a873e4b97b7"}
,"C:\\Users\\madhan.adithya\\OneDrive - ascendion\\Desktop\\jesttesting\\multiply.js": {"path":"C:\\Users\\madhan.adithya\\OneDrive - ascendion\\Desktop\\jesttesting\\multiply.js","statementMap":{"0":{"start":{"line":1,"column":12},"end":{"line":1,"column":27}},"1":{"start":{"line":1,"column":22},"end":{"line":1,"column":27}},"2":{"start":{"line":2,"column":0},"end":{"line":2,"column":25}}},"fnMap":{"0":{"name":"(anonymous_0)","decl":{"start":{"line":1,"column":12},"end":{"line":1,"column":13}},"loc":{"start":{"line":1,"column":22},"end":{"line":1,"column":27}},"line":1}},"branchMap":{},"s":{"0":1,"1":2,"2":1},"f":{"0":2},"b":{},"_coverageSchema":"1a1c01bbd47fc00a2c39e90264f33305004495a9","hash":"c096ac6e707bc879ae8c861cf213148579624ca2"}
}
