TN:
SF:add.js
FN:1,(anonymous_0)
FNF:1
FNH:1
FNDA:2,(anonymous_0)
DA:1,2
DA:2,1
LF:2
LH:2
BRF:0
BRH:0
end_of_record
TN:
SF:examplecase.js
FN:1,getTotalLikes
FN:2,(anonymous_1)
FN:8,getMostPopularBlog
FN:10,(anonymous_3)
FN:26,(anonymous_4)
FNF:5
FNH:5
FNDA:1,getTotalLikes
FNDA:2,(anonymous_1)
FNDA:1,getMostPopularBlog
FNDA:2,(anonymous_3)
FNDA:1,(anonymous_4)
DA:2,1
DA:3,2
DA:5,1
DA:9,1
DA:11,2
DA:12,1
DA:17,1
DA:22,1
DA:23,1
DA:26,1
DA:27,1
DA:28,1
DA:29,1
DA:32,1
LF:14
LH:14
BRDA:11,0,0,1
BRDA:11,0,1,1
BRF:2
BRH:2
end_of_record
TN:
SF:fetch.js
FN:1,(anonymous_0)
FNF:1
FNH:1
FNDA:1,(anonymous_0)
DA:1,1
DA:2,1
DA:3,1
DA:4,1
DA:7,1
LF:5
LH:5
BRF:0
BRH:0
end_of_record
TN:
SF:isPrime.js
FN:1,(anonymous_0)
FNF:1
FNH:1
FNDA:17,(anonymous_0)
DA:1,1
DA:2,17
DA:3,13
DA:4,12
DA:6,8
DA:7,16
DA:10,6
DA:13,1
LF:8
LH:8
BRDA:2,0,0,4
BRDA:2,0,1,13
BRDA:3,1,0,1
BRDA:3,1,1,12
BRDA:3,2,0,13
BRDA:3,2,1,12
BRDA:4,3,0,4
BRDA:4,3,1,8
BRDA:7,4,0,2
BRDA:7,4,1,14
BRF:10
BRH:10
end_of_record
TN:
SF:multiply.js
FN:1,(anonymous_0)
FNF:1
FNH:1
FNDA:2,(anonymous_0)
DA:1,2
DA:2,1
LF:2
LH:2
BRF:0
BRH:0
end_of_record
